hcs_v2-P3/android/app/build/intermediates/manifest_merge_blame_file/debug/processDebugMainManifest/manifest-merger-blame-debug-report.txt
1<?xml version="1.0" encoding="utf-8"?>
2<manifest xmlns:android="http://schemas.android.com/apk/res/android"
3    package="com.hcs.harmonic"
4    android:versionCode="2"
5    android:versionName="2.0-bundle" >
6
7    <uses-sdk
8        android:minSdkVersion="26"
9        android:targetSdkVersion="34" />
10
11    <!-- Permissions -->
12    <uses-permission android:name="android.permission.CAMERA" />
12-->src\main\AndroidManifest.xml:6:5-65
12-->src\main\AndroidManifest.xml:6:22-62
13    <uses-permission android:name="android.permission.RECORD_AUDIO" />
13-->src\main\AndroidManifest.xml:7:5-71
13-->src\main\AndroidManifest.xml:7:22-68
14    <uses-permission
14-->src\main\AndroidManifest.xml:8:5-9:38
15        android:name="android.permission.WRITE_EXTERNAL_STORAGE"
15-->src\main\AndroidManifest.xml:8:22-78
16        android:maxSdkVersion="28" />
16-->src\main\AndroidManifest.xml:9:9-35
17    <uses-permission
17-->src\main\AndroidManifest.xml:10:5-11:38
18        android:name="android.permission.READ_EXTERNAL_STORAGE"
18-->src\main\AndroidManifest.xml:10:22-77
19        android:maxSdkVersion="32" />
19-->src\main\AndroidManifest.xml:11:9-35
20    <uses-permission android:name="android.permission.READ_MEDIA_IMAGES" />
20-->src\main\AndroidManifest.xml:12:5-76
20-->src\main\AndroidManifest.xml:12:22-73
21    <uses-permission android:name="android.permission.READ_MEDIA_VIDEO" />
21-->src\main\AndroidManifest.xml:13:5-75
21-->src\main\AndroidManifest.xml:13:22-72
22    <uses-permission android:name="android.permission.FOREGROUND_SERVICE" />
22-->src\main\AndroidManifest.xml:14:5-77
22-->src\main\AndroidManifest.xml:14:22-74
23    <uses-permission android:name="android.permission.RECEIVE_BOOT_COMPLETED" />
23-->src\main\AndroidManifest.xml:15:5-81
23-->src\main\AndroidManifest.xml:15:22-78
24    <uses-permission android:name="android.permission.WAKE_LOCK" />
24-->src\main\AndroidManifest.xml:16:5-68
24-->src\main\AndroidManifest.xml:16:22-65
25    <uses-permission android:name="android.permission.POST_NOTIFICATIONS" />
25-->src\main\AndroidManifest.xml:17:5-77
25-->src\main\AndroidManifest.xml:17:22-74
26
27    <!-- Hardware features -->
28    <uses-feature
28-->src\main\AndroidManifest.xml:20:5-84
29        android:name="android.hardware.camera"
29-->src\main\AndroidManifest.xml:20:19-57
30        android:required="true" />
30-->src\main\AndroidManifest.xml:20:58-81
31    <uses-feature
31-->src\main\AndroidManifest.xml:21:5-95
32        android:name="android.hardware.camera.autofocus"
32-->src\main\AndroidManifest.xml:21:19-67
33        android:required="false" />
33-->src\main\AndroidManifest.xml:21:68-92
34    <uses-feature
34-->src\main\AndroidManifest.xml:22:5-91
35        android:name="android.hardware.camera.flash"
35-->src\main\AndroidManifest.xml:22:19-63
36        android:required="false" />
36-->src\main\AndroidManifest.xml:22:64-88
37
38    <queries>
38-->[androidx.camera:camera-extensions:1.3.1] AndroidManifest.xml:22:5-26:15
39        <intent>
39-->[androidx.camera:camera-extensions:1.3.1] AndroidManifest.xml:23:9-25:18
40            <action android:name="androidx.camera.extensions.action.VENDOR_ACTION" />
40-->[androidx.camera:camera-extensions:1.3.1] AndroidManifest.xml:24:13-86
40-->[androidx.camera:camera-extensions:1.3.1] AndroidManifest.xml:24:21-83
41        </intent>
42    </queries>
43
44    <permission
44-->[androidx.core:core:1.12.0] AndroidManifest.xml:22:5-24:47
45        android:name="com.hcs.harmonic.DYNAMIC_RECEIVER_NOT_EXPORTED_PERMISSION"
45-->[androidx.core:core:1.12.0] AndroidManifest.xml:23:9-81
46        android:protectionLevel="signature" />
46-->[androidx.core:core:1.12.0] AndroidManifest.xml:24:9-44
47
48    <uses-permission android:name="com.hcs.harmonic.DYNAMIC_RECEIVER_NOT_EXPORTED_PERMISSION" />
48-->[androidx.core:core:1.12.0] AndroidManifest.xml:26:5-97
48-->[androidx.core:core:1.12.0] AndroidManifest.xml:26:22-94
49
50    <application
50-->src\main\AndroidManifest.xml:24:5-90:19
51        android:allowBackup="true"
51-->src\main\AndroidManifest.xml:25:9-35
52        android:appComponentFactory="androidx.core.app.CoreComponentFactory"
52-->[androidx.core:core:1.12.0] AndroidManifest.xml:28:18-86
53        android:debuggable="true"
54        android:extractNativeLibs="false"
55        android:icon="@mipmap/ic_launcher"
55-->src\main\AndroidManifest.xml:26:9-43
56        android:label="@string/app_name"
56-->src\main\AndroidManifest.xml:27:9-41
57        android:largeHeap="true"
57-->src\main\AndroidManifest.xml:32:9-33
58        android:requestLegacyExternalStorage="true"
58-->src\main\AndroidManifest.xml:31:9-52
59        android:roundIcon="@mipmap/ic_launcher_round"
59-->src\main\AndroidManifest.xml:28:9-54
60        android:supportsRtl="true"
60-->src\main\AndroidManifest.xml:29:9-35
61        android:theme="@style/Theme.HCSHarmonic" >
61-->src\main\AndroidManifest.xml:30:9-49
62
63        <!-- Main Launcher Activity (Home) -->
64        <activity
64-->src\main\AndroidManifest.xml:36:9-45:20
65            android:name="com.hcs.harmonic.ui.MainActivity"
65-->src\main\AndroidManifest.xml:37:13-44
66            android:exported="true"
66-->src\main\AndroidManifest.xml:38:13-36
67            android:screenOrientation="portrait"
67-->src\main\AndroidManifest.xml:39:13-49
68            android:theme="@style/Theme.HCSHarmonic.NoActionBar" >
68-->src\main\AndroidManifest.xml:40:13-65
69            <intent-filter>
69-->src\main\AndroidManifest.xml:41:13-44:29
70                <action android:name="android.intent.action.MAIN" />
70-->src\main\AndroidManifest.xml:42:17-69
70-->src\main\AndroidManifest.xml:42:25-66
71
72                <category android:name="android.intent.category.LAUNCHER" />
72-->src\main\AndroidManifest.xml:43:17-77
72-->src\main\AndroidManifest.xml:43:27-74
73            </intent-filter>
74        </activity>
75
76        <!-- Camera Activity -->
77        <activity
77-->src\main\AndroidManifest.xml:48:9-52:68
78            android:name="com.hcs.harmonic.ui.CameraActivity"
78-->src\main\AndroidManifest.xml:49:13-46
79            android:exported="false"
79-->src\main\AndroidManifest.xml:50:13-37
80            android:screenOrientation="portrait"
80-->src\main\AndroidManifest.xml:51:13-49
81            android:theme="@style/Theme.HCSHarmonic.NoActionBar" />
81-->src\main\AndroidManifest.xml:52:13-65
82
83        <!-- Gallery Activity -->
84        <activity
84-->src\main\AndroidManifest.xml:55:9-58:68
85            android:name="com.hcs.harmonic.ui.GalleryActivity"
85-->src\main\AndroidManifest.xml:56:13-47
86            android:exported="false"
86-->src\main\AndroidManifest.xml:57:13-37
87            android:theme="@style/Theme.HCSHarmonic.NoActionBar" />
87-->src\main\AndroidManifest.xml:58:13-65
88
89        <!-- Player Activity -->
90        <activity
90-->src\main\AndroidManifest.xml:61:9-65:68
91            android:name="com.hcs.harmonic.ui.PlayerActivity"
91-->src\main\AndroidManifest.xml:62:13-46
92            android:exported="false"
92-->src\main\AndroidManifest.xml:63:13-37
93            android:screenOrientation="landscape"
93-->src\main\AndroidManifest.xml:64:13-50
94            android:theme="@style/Theme.HCSHarmonic.NoActionBar" />
94-->src\main\AndroidManifest.xml:65:13-65
95
96        <!-- Dashboard Activity -->
97        <activity
97-->src\main\AndroidManifest.xml:68:9-71:68
98            android:name="com.hcs.harmonic.ui.DashboardActivity"
98-->src\main\AndroidManifest.xml:69:13-49
99            android:exported="false"
99-->src\main\AndroidManifest.xml:70:13-37
100            android:theme="@style/Theme.HCSHarmonic.NoActionBar" />
100-->src\main\AndroidManifest.xml:71:13-65
101
102        <!-- HCS Bundle Service (background auto-compression) -->
103        <service
103-->src\main\AndroidManifest.xml:74:9-77:56
104            android:name="com.hcs.harmonic.service.HCSBundleService"
104-->src\main\AndroidManifest.xml:75:13-53
105            android:exported="false"
105-->src\main\AndroidManifest.xml:76:13-37
106            android:foregroundServiceType="dataSync" />
106-->src\main\AndroidManifest.xml:77:13-53
107
108        <!-- File Provider for sharing -->
109        <provider
110            android:name="androidx.core.content.FileProvider"
110-->src\main\AndroidManifest.xml:81:13-62
111            android:authorities="com.hcs.harmonic.fileprovider"
111-->src\main\AndroidManifest.xml:82:13-64
112            android:exported="false"
112-->src\main\AndroidManifest.xml:83:13-37
113            android:grantUriPermissions="true" >
113-->src\main\AndroidManifest.xml:84:13-47
114            <meta-data
114-->src\main\AndroidManifest.xml:85:13-87:54
115                android:name="android.support.FILE_PROVIDER_PATHS"
115-->src\main\AndroidManifest.xml:86:17-67
116                android:resource="@xml/file_paths" />
116-->src\main\AndroidManifest.xml:87:17-51
117        </provider>
118
119        <uses-library
119-->[androidx.camera:camera-extensions:1.3.1] AndroidManifest.xml:29:9-31:40
120            android:name="androidx.camera.extensions.impl"
120-->[androidx.camera:camera-extensions:1.3.1] AndroidManifest.xml:30:13-59
121            android:required="false" />
121-->[androidx.camera:camera-extensions:1.3.1] AndroidManifest.xml:31:13-37
122
123        <service
123-->[androidx.camera:camera-camera2:1.3.1] AndroidManifest.xml:24:9-33:19
124            android:name="androidx.camera.core.impl.MetadataHolderService"
124-->[androidx.camera:camera-camera2:1.3.1] AndroidManifest.xml:25:13-75
125            android:enabled="false"
125-->[androidx.camera:camera-camera2:1.3.1] AndroidManifest.xml:26:13-36
126            android:exported="false" >
126-->[androidx.camera:camera-camera2:1.3.1] AndroidManifest.xml:27:13-37
127            <meta-data
127-->[androidx.camera:camera-camera2:1.3.1] AndroidManifest.xml:30:13-32:89
128                android:name="androidx.camera.core.impl.MetadataHolderService.DEFAULT_CONFIG_PROVIDER"
128-->[androidx.camera:camera-camera2:1.3.1] AndroidManifest.xml:31:17-103
129                android:value="androidx.camera.camera2.Camera2Config$DefaultProvider" />
129-->[androidx.camera:camera-camera2:1.3.1] AndroidManifest.xml:32:17-86
130        </service>
131
132        <provider
132-->[androidx.emoji2:emoji2:1.2.0] AndroidManifest.xml:24:9-32:20
133            android:name="androidx.startup.InitializationProvider"
133-->[androidx.emoji2:emoji2:1.2.0] AndroidManifest.xml:25:13-67
134            android:authorities="com.hcs.harmonic.androidx-startup"
134-->[androidx.emoji2:emoji2:1.2.0] AndroidManifest.xml:26:13-68
135            android:exported="false" >
135-->[androidx.emoji2:emoji2:1.2.0] AndroidManifest.xml:27:13-37
136            <meta-data
136-->[androidx.emoji2:emoji2:1.2.0] AndroidManifest.xml:29:13-31:52
137                android:name="androidx.emoji2.text.EmojiCompatInitializer"
137-->[androidx.emoji2:emoji2:1.2.0] AndroidManifest.xml:30:17-75
138                android:value="androidx.startup" />
138-->[androidx.emoji2:emoji2:1.2.0] AndroidManifest.xml:31:17-49
139            <meta-data
139-->[androidx.lifecycle:lifecycle-process:2.7.0] AndroidManifest.xml:29:13-31:52
140                android:name="androidx.lifecycle.ProcessLifecycleInitializer"
140-->[androidx.lifecycle:lifecycle-process:2.7.0] AndroidManifest.xml:30:17-78
141                android:value="androidx.startup" />
141-->[androidx.lifecycle:lifecycle-process:2.7.0] AndroidManifest.xml:31:17-49
142            <meta-data
142-->[androidx.profileinstaller:profileinstaller:1.3.0] AndroidManifest.xml:29:13-31:52
143                android:name="androidx.profileinstaller.ProfileInstallerInitializer"
143-->[androidx.profileinstaller:profileinstaller:1.3.0] AndroidManifest.xml:30:17-85
144                android:value="androidx.startup" />
144-->[androidx.profileinstaller:profileinstaller:1.3.0] AndroidManifest.xml:31:17-49
145        </provider>
146
147        <receiver
147-->[androidx.profileinstaller:profileinstaller:1.3.0] AndroidManifest.xml:34:9-52:20
148            android:name="androidx.profileinstaller.ProfileInstallReceiver"
148-->[androidx.profileinstaller:profileinstaller:1.3.0] AndroidManifest.xml:35:13-76
149            android:directBootAware="false"
149-->[androidx.profileinstaller:profileinstaller:1.3.0] AndroidManifest.xml:36:13-44
150            android:enabled="true"
150-->[androidx.profileinstaller:profileinstaller:1.3.0] AndroidManifest.xml:37:13-35
151            android:exported="true"
151-->[androidx.profileinstaller:profileinstaller:1.3.0] AndroidManifest.xml:38:13-36
152            android:permission="android.permission.DUMP" >
152-->[androidx.profileinstaller:profileinstaller:1.3.0] AndroidManifest.xml:39:13-57
153            <intent-filter>
153-->[androidx.profileinstaller:profileinstaller:1.3.0] AndroidManifest.xml:40:13-42:29
154                <action android:name="androidx.profileinstaller.action.INSTALL_PROFILE" />
154-->[androidx.profileinstaller:profileinstaller:1.3.0] AndroidManifest.xml:41:17-91
154-->[androidx.profileinstaller:profileinstaller:1.3.0] AndroidManifest.xml:41:25-88
155            </intent-filter>
156            <intent-filter>
156-->[androidx.profileinstaller:profileinstaller:1.3.0] AndroidManifest.xml:43:13-45:29
157                <action android:name="androidx.profileinstaller.action.SKIP_FILE" />
157-->[androidx.profileinstaller:profileinstaller:1.3.0] AndroidManifest.xml:44:17-85
157-->[androidx.profileinstaller:profileinstaller:1.3.0] AndroidManifest.xml:44:25-82
158            </intent-filter>
159            <intent-filter>
159-->[androidx.profileinstaller:profileinstaller:1.3.0] AndroidManifest.xml:46:13-48:29
160                <action android:name="androidx.profileinstaller.action.SAVE_PROFILE" />
160-->[androidx.profileinstaller:profileinstaller:1.3.0] AndroidManifest.xml:47:17-88
160-->[androidx.profileinstaller:profileinstaller:1.3.0] AndroidManifest.xml:47:25-85
161            </intent-filter>
162            <intent-filter>
162-->[androidx.profileinstaller:profileinstaller:1.3.0] AndroidManifest.xml:49:13-51:29
163                <action android:name="androidx.profileinstaller.action.BENCHMARK_OPERATION" />
163-->[androidx.profileinstaller:profileinstaller:1.3.0] AndroidManifest.xml:50:17-95
163-->[androidx.profileinstaller:profileinstaller:1.3.0] AndroidManifest.xml:50:25-92
164            </intent-filter>
165        </receiver>
166    </application>
167
168</manifest>